<?xml version="1.0" encoding="UTF-8"?>
<!-- Generated by org.testng.reporters.JUnitReportReporter -->
<testsuite skipped="0" hostname="EPRURYAW0052" name="TestClass" tests="3" failures="0" timestamp="08 Aug 2017 13:35:53 GMT" time="0.012" errors="0">
  <testcase name="draftTest" time="0.001" classname="TestClass"/>
  <testcase name="draftTest" time="0.001" classname="TestClass"/>
  <testcase name="draftTest" time="0.010" classname="TestClass"/>
</testsuite> <!-- TestClass -->
