<?xml version="1.0" encoding="UTF-8"?>
<!-- Generated by org.testng.reporters.JUnitReportReporter -->
<testsuite skipped="0" hostname="EPRURYAW0052" name="com.epam.pavel_loginov.patterns.tests.TestClass" tests="10" failures="0" timestamp="15 Aug 2017 13:21:09 GMT" time="54.363" errors="0">
  <testcase name="sendLetterTest" time="3.210" classname="com.epam.pavel_loginov.patterns.tests.TestClass"/>
  <testcase name="testLogin" time="8.042" classname="com.epam.pavel_loginov.patterns.tests.TestClass"/>
  <testcase name="contentTest" time="1.672" classname="com.epam.pavel_loginov.patterns.tests.TestClass"/>
  <testcase name="draftTest" time="6.487" classname="com.epam.pavel_loginov.patterns.tests.TestClass"/>
  <testcase name="contentTest" time="3.161" classname="com.epam.pavel_loginov.patterns.tests.TestClass"/>
  <testcase name="isLetterSent" time="5.475" classname="com.epam.pavel_loginov.patterns.tests.TestClass"/>
  <testcase name="testLogin" time="6.010" classname="com.epam.pavel_loginov.patterns.tests.TestClass"/>
  <testcase name="sendLetterTest" time="7.271" classname="com.epam.pavel_loginov.patterns.tests.TestClass"/>
  <testcase name="isLetterSent" time="2.749" classname="com.epam.pavel_loginov.patterns.tests.TestClass"/>
  <testcase name="draftTest" time="10.286" classname="com.epam.pavel_loginov.patterns.tests.TestClass"/>
</testsuite> <!-- com.epam.pavel_loginov.patterns.tests.TestClass -->
